<?xml version="1.0" encoding="UTF-8"?>
<!-- Generated by org.testng.reporters.JUnitReportReporter -->
<testsuite hostname="DESKTOP-91S9KSJ" failures="0" tests="5" name="testNG.Invocation" time="0.034" errors="0" timestamp="2023-01-10T17:38:08 IST" skipped="0">
  <testcase classname="testNG.Invocation" name="TC" time="0.003"/>
  <system-out>
    <![CDATA[invocation is done]]>
  </system-out>
  <testcase classname="testNG.Invocation" name="TC" time="0.004"/>
  <system-out>
    <![CDATA[invocation is done]]>
  </system-out>
  <testcase classname="testNG.Invocation" name="TC" time="0.003"/>
  <system-out>
    <![CDATA[invocation is done]]>
  </system-out>
  <testcase classname="testNG.Invocation" name="TC" time="0.022"/>
  <system-out>
    <![CDATA[invocation is done]]>
  </system-out>
  <testcase classname="testNG.Invocation" name="TC" time="0.002"/>
  <system-out>
    <![CDATA[invocation is done]]>
  </system-out>
</testsuite> <!-- testNG.Invocation -->
