<?xml version="1.0" encoding="UTF-8"?>
<!-- Generated by org.testng.reporters.JUnitReportReporter -->
<testsuite hostname="DESKTOP-91S9KSJ" failures="0" tests="5" name="testNG.Priority" time="0.035" errors="0" timestamp="2023-01-10T18:02:53 IST" skipped="0">
  <testcase classname="testNG.Priority" name="PJK" time="0.019"/>
  <system-out>
    <![CDATA[priority -1]]>
  </system-out>
  <testcase classname="testNG.Priority" name="UI" time="0.005"/>
  <system-out>
    <![CDATA[priority 0]]>
  </system-out>
  <testcase classname="testNG.Priority" name="KL" time="0.003"/>
  <system-out>
    <![CDATA[priority 1]]>
  </system-out>
  <testcase classname="testNG.Priority" name="PR" time="0.004"/>
  <system-out>
    <![CDATA[priority 2]]>
  </system-out>
  <testcase classname="testNG.Priority" name="OP" time="0.004"/>
  <system-out>
    <![CDATA[priority 3]]>
  </system-out>
</testsuite> <!-- testNG.Priority -->
