<?xml version="1.0" encoding="UTF-8"?>
<!-- Generated by org.testng.reporters.JUnitReportReporter -->
<testsuite hostname="DESKTOP-91S9KSJ" failures="0" tests="3" name="testNG.Sample_one" time="0.005" errors="0" timestamp="2023-01-10T18:19:21 IST" skipped="0">
  <testcase classname="testNG.Sample_one" name="TC1" time="0.002"/>
  <system-out>
    <![CDATA[test case first]]>
  </system-out>
  <testcase classname="testNG.Sample_one" name="TC3" time="0.001"/>
  <system-out>
    <![CDATA[test case three]]>
  </system-out>
  <testcase classname="testNG.Sample_one" name="TC2" time="0.002"/>
  <system-out>
    <![CDATA[test case two]]>
  </system-out>
</testsuite> <!-- testNG.Sample_one -->
