<?xml version="1.0" encoding="UTF-8"?>
<!-- Generated by org.testng.reporters.JUnitReportReporter -->
<testsuite hostname="DESKTOP-91S9KSJ" failures="0" tests="2" name="testNG.Annotation_two" time="0.015" errors="0" timestamp="2023-01-04T17:42:14 IST" skipped="0">
  <testcase classname="testNG.Annotation_two" name="verifytest" time="0.005"/>
  <system-out>
    <![CDATA[TC 1]]>
  </system-out>
  <testcase classname="testNG.Annotation_two" name="verify" time="0.010"/>
  <system-out>
    <![CDATA[TC 2]]>
  </system-out>
</testsuite> <!-- testNG.Annotation_two -->
