<?xml version="1.0" encoding="UTF-8"?>
<!-- Generated by org.testng.reporters.JUnitReportReporter -->
<testsuite hostname="DESKTOP-91S9KSJ" failures="0" tests="1" name="testNG.parallel_one" time="5.395" errors="0" timestamp="2023-01-05T13:14:36 IST" skipped="0">
  <testcase classname="testNG.parallel_one" name="TC" time="5.395"/>
  <system-out/>
</testsuite> <!-- testNG.parallel_one -->
