<?xml version="1.0" encoding="UTF-8"?>
<!-- Generated by org.testng.reporters.JUnitReportReporter -->
<testsuite hostname="DESKTOP-91S9KSJ" failures="0" tests="1" name="testNG.Parallel_two" time="6.550" errors="0" timestamp="2023-01-05T13:14:36 IST" skipped="0">
  <testcase classname="testNG.Parallel_two" name="TC" time="6.550"/>
  <system-out/>
</testsuite> <!-- testNG.Parallel_two -->
