<?xml version="1.0" encoding="UTF-8"?>
<!-- Generated by org.testng.reporters.JUnitReportReporter -->
<testsuite hostname="DESKTOP-91S9KSJ" failures="0" tests="3" name="testNG.Sample_three" time="0.019" errors="0" timestamp="2023-01-10T18:19:21 IST" skipped="0">
  <testcase classname="testNG.Sample_three" name="TC8" time="0.002"/>
  <system-out>
    <![CDATA[test case eight]]>
  </system-out>
  <testcase classname="testNG.Sample_three" name="TC9" time="0.002"/>
  <system-out>
    <![CDATA[test case nine]]>
  </system-out>
  <testcase classname="testNG.Sample_three" name="TC7" time="0.015"/>
  <system-out>
    <![CDATA[test case seven]]>
  </system-out>
</testsuite> <!-- testNG.Sample_three -->
