<?xml version="1.0" encoding="UTF-8"?>
<!-- Generated by org.testng.reporters.JUnitReportReporter -->
<testsuite hostname="DESKTOP-91S9KSJ" failures="0" tests="1" name="testNG.Assert_f" time="0.020" errors="0" timestamp="2023-01-05T10:06:41 IST" skipped="0">
  <testcase classname="testNG.Assert_f" name="UI" time="0.020"/>
  <system-out>
    <![CDATA[2nd test case]]>
  </system-out>
</testsuite> <!-- testNG.Assert_f -->
