<?xml version="1.0" encoding="UTF-8"?>
<!-- Generated by org.testng.reporters.JUnitReportReporter -->
<testsuite hostname="DESKTOP-91S9KSJ" failures="0" tests="3" name="testNG.Sample_two" time="0.004" errors="0" timestamp="2023-01-10T18:19:21 IST" skipped="0">
  <testcase classname="testNG.Sample_two" name="TC4" time="0.001"/>
  <system-out>
    <![CDATA[test case four]]>
  </system-out>
  <testcase classname="testNG.Sample_two" name="TC5" time="0.001"/>
  <system-out>
    <![CDATA[test case five]]>
  </system-out>
  <testcase classname="testNG.Sample_two" name="TC6" time="0.002"/>
  <system-out>
    <![CDATA[test case six]]>
  </system-out>
</testsuite> <!-- testNG.Sample_two -->
