<?xml version="1.0" encoding="UTF-8"?>
<!-- Generated by org.testng.reporters.JUnitReportReporter -->
<testsuite hostname="DESKTOP-91S9KSJ" failures="0" tests="2" name="testNG.Depends" time="0.019" errors="0" timestamp="2023-01-10T18:07:14 IST" skipped="0">
  <testcase classname="testNG.Depends" name="Login" time="0.013"/>
  <system-out>
    <![CDATA[]]>
  </system-out>
  <testcase classname="testNG.Depends" name="logout" time="0.006"/>
  <system-out>
    <![CDATA[]]>
  </system-out>
</testsuite> <!-- testNG.Depends -->
