<?xml version="1.0" encoding="UTF-8"?>
<!-- Generated by org.testng.reporters.JUnitReportReporter -->
<testsuite hostname="DESKTOP-91S9KSJ" failures="0" tests="1" name="testNG.Test_annotation" time="0.004" errors="0" timestamp="2023-01-04T17:42:14 IST" skipped="0">
  <testcase classname="testNG.Test_annotation" name="verifytest" time="0.004"/>
  <system-out>
    <![CDATA[]]>
  </system-out>
</testsuite> <!-- testNG.Test_annotation -->
