<?xml version="1.0" encoding="UTF-8"?>
<!-- Generated by org.testng.reporters.JUnitReportReporter -->
<testsuite hostname="DESKTOP-91S9KSJ" failures="0" tests="2" name="testNG.Enable" time="0.022" errors="0" timestamp="2023-01-10T18:16:06 IST" skipped="1">
  <testcase classname="testNG.Enable" name="KL" time="0.022"/>
  <system-out>
    <![CDATA[test case first]]>
  </system-out>
  <testcase classname="testNG.Enable" name="UI">
    <skipped/>
  </testcase> <!-- UI -->
  <system-out/>
</testsuite> <!-- testNG.Enable -->
